<?xml version="1.0" encoding="UTF-8"?>
<!-- Generated by org.testng.reporters.JUnitXMLReporter -->
<testsuite hostname="HP_WhitePearl" name="RestAPI" tests="17" failures="0" timestamp="12 Aug 2019 11:11:20 GMT" time="0.141" errors="0">
  <testcase name="@BeforeTest getData" time="0.0" classname="RestAssured.JiraTestBasic1">
    <failure type="java.io.FileNotFoundException" message="F:\eclipseWorkSpace\DemoJavaRestAssuredProject\src\files\env.properties (The system cannot find the path specified)">
      <![CDATA[java.io.FileNotFoundException: F:\eclipseWorkSpace\DemoJavaRestAssuredProject\src\files\env.properties (The system cannot find the path specified)
	at java.io.FileInputStream.open0(Native Method)
	at java.io.FileInputStream.open(FileInputStream.java:195)
	at java.io.FileInputStream.<init>(FileInputStream.java:138)
	at java.io.FileInputStream.<init>(FileInputStream.java:93)
	at RestAssured.basic4.getData(basic4.java:26)
... Removed 22 stack frames]]>
    </failure>
  </testcase> <!-- @BeforeTest getData -->
  <testcase name="@BeforeTest getData" time="0.0" classname="RestAssured.JiraTestBasic1">
    <skipped/>
  </testcase> <!-- @BeforeTest getData -->
  <testcase name="Test1" time="0.0" classname="RestAssured.basic">
    <skipped/>
  </testcase> <!-- Test1 -->
  <testcase name="test" time="0.0" classname="RestAssured.basic2">
    <skipped/>
  </testcase> <!-- test -->
  <testcase name="AddandDeletePlace" time="0.015" classname="RestAssured.basic3">
    <skipped/>
  </testcase> <!-- AddandDeletePlace -->
  <testcase name="test" time="0.0" classname="RestAssured.basic4">
    <skipped/>
  </testcase> <!-- test -->
  <testcase name="Test1" time="0.0" classname="RestAssured.basic5">
    <skipped/>
  </testcase> <!-- Test1 -->
  <testcase name="test" time="0.0" classname="RestAssured.basic6">
    <skipped/>
  </testcase> <!-- test -->
  <testcase name="addBookData" time="0.0" classname="RestAssured.excelDriven">
    <skipped/>
  </testcase> <!-- addBookData -->
  <testcase name="addBookData" time="0.0" classname="RestAssured.excelDriven">
    <skipped/>
  </testcase> <!-- addBookData -->
  <testcase name="addBookData" time="0.0" classname="RestAssured.excelDriven">
    <skipped/>
  </testcase> <!-- addBookData -->
  <testcase name="deleteBookData" time="0.0" classname="RestAssured.excelDriven">
    <skipped/>
  </testcase> <!-- deleteBookData -->
  <testcase name="deleteBookData" time="0.0" classname="RestAssured.excelDriven">
    <skipped/>
  </testcase> <!-- deleteBookData -->
  <testcase name="deleteBookData" time="0.0" classname="RestAssured.excelDriven">
    <skipped/>
  </testcase> <!-- deleteBookData -->
  <testcase name="addCommentForIssueInJira" time="0.0" classname="RestAssured.JiraTestBasic1">
    <skipped/>
  </testcase> <!-- addCommentForIssueInJira -->
  <testcase name="createAnIssueInJira" time="0.0" classname="RestAssured.JiraTestBasic1">
    <skipped/>
  </testcase> <!-- createAnIssueInJira -->
  <testcase name="updateCommentForIssueInJira" time="0.0" classname="RestAssured.JiraTestBasic1">
    <skipped/>
  </testcase> <!-- updateCommentForIssueInJira -->
  <testcase name="deleteTweet" time="0.0" classname="RestAssured.Twitter">
    <skipped/>
  </testcase> <!-- deleteTweet -->
  <testcase name="getLatestTweet" time="0.0" classname="RestAssured.Twitter">
    <skipped/>
  </testcase> <!-- getLatestTweet -->
</testsuite> <!-- RestAPI -->
