<?xml version="1.0" encoding="UTF-8"?>
<testsuite xmlns:xsi="http://www.w3.org/2001/XMLSchema-instance" xsi:schemaLocation="https://maven.apache.org/surefire/maven-surefire-plugin/xsd/surefire-test-report.xsd" name="TestSuite" time="21.642" tests="17" errors="0" skipped="0" failures="10">
  <properties>
[...]
</properties>
  <testcase name="Test1" classname="RestAssured.basic" time="7.288"/>
  <testcase name="test" classname="RestAssured.basic2" time="0.266"/>
  <testcase name="AddandDeletePlace" classname="RestAssured.basic3" time="0.39"/>
  <testcase name="test" classname="RestAssured.basic4" time="0.282"/>
  <testcase name="Test1" classname="RestAssured.basic5" time="0.531">
    <failure message="1 expectation failed.&#10;JSON path results[0].name doesn&apos;t match.&#10;Expected: Sydney&#10;  Actual: null&#10;" type="java.lang.AssertionError">java.lang.AssertionError: 
1 expectation failed.
JSON path results[0].name doesn't match.
Expected: Sydney
  Actual: null

	at RestAssured.basic5.Test1(basic5.java:33)
</failure>
    <system-out><![CDATA[Request method:	GET
Request URI:	https://maps.googleapis.com/maps/api/place/nearbysearch/json?location=-33.8670522%2C151.1957362&radius=1500&key=AIzaSyA4GmsmCbwnrJN7HWqIvfTEgij6rgBiC1Q
Proxy:			<none>
Request params:	location=-33.8670522,151.1957362
				radius=1500
				key=AIzaSyA4GmsmCbwnrJN7HWqIvfTEgij6rgBiC1Q
Query params:	<none>
Form params:	<none>
Path params:	<none>
Headers:		Accept=*/*
Cookies:		<none>
Multiparts:		<none>
Body:			<none>
]]></system-out>
  </testcase>
  <testcase name="test" classname="RestAssured.basic6" time="0.125">
    <failure message="1 expectation failed.&#10;Expected status code &lt;200&gt; but was &lt;404&gt;.&#10;" type="java.lang.AssertionError"><![CDATA[java.lang.AssertionError: 
1 expectation failed.
Expected status code <200> but was <404>.

	at RestAssured.basic6.test(basic6.java:42)
]]></failure>
  </testcase>
  <testcase name="addBookData" classname="RestAssured.excelDriven" time="0.274"/>
  <testcase name="addBookData" classname="RestAssured.excelDriven" time="0.172"/>
  <testcase name="addBookData" classname="RestAssured.excelDriven" time="1.809"/>
  <testcase name="deleteBookData" classname="RestAssured.excelDriven" time="0.233">
    <failure message="1 expectation failed.&#10;Expected status code &lt;200&gt; but was &lt;404&gt;.&#10;" type="java.lang.AssertionError"><![CDATA[java.lang.AssertionError: 
1 expectation failed.
Expected status code <200> but was <404>.

	at RestAssured.excelDriven.deleteBookData(excelDriven.java:55)
]]></failure>
    <system-out><![CDATA[{
    "msg": "Delete Book operation failed, looks like the book doesnt exists"
}
]]></system-out>
  </testcase>
  <testcase name="deleteBookData" classname="RestAssured.excelDriven" time="0.098">
    <failure message="1 expectation failed.&#10;Expected status code &lt;200&gt; but was &lt;404&gt;.&#10;" type="java.lang.AssertionError"><![CDATA[java.lang.AssertionError: 
1 expectation failed.
Expected status code <200> but was <404>.

	at RestAssured.excelDriven.deleteBookData(excelDriven.java:55)
]]></failure>
    <system-out><![CDATA[{
    "msg": "Delete Book operation failed, looks like the book doesnt exists"
}
]]></system-out>
  </testcase>
  <testcase name="deleteBookData" classname="RestAssured.excelDriven" time="0.094">
    <failure message="1 expectation failed.&#10;Expected status code &lt;200&gt; but was &lt;404&gt;.&#10;" type="java.lang.AssertionError"><![CDATA[java.lang.AssertionError: 
1 expectation failed.
Expected status code <200> but was <404>.

	at RestAssured.excelDriven.deleteBookData(excelDriven.java:55)
]]></failure>
    <system-out><![CDATA[{
    "msg": "Delete Book operation failed, looks like the book doesnt exists"
}
]]></system-out>
  </testcase>
  <testcase name="addCommentForIssueInJira" classname="RestAssured.JiraTestBasic1" time="2.037">
    <failure message="Connection refused: connect" type="java.net.ConnectException">java.net.ConnectException: Connection refused: connect
	at RestAssured.JiraTestBasic1.addCommentForIssueInJira(JiraTestBasic1.java:64)
</failure>
  </testcase>
  <testcase name="createAnIssueInJira" classname="RestAssured.JiraTestBasic1" time="2.031">
    <failure message="Connection refused: connect" type="java.net.ConnectException">java.net.ConnectException: Connection refused: connect
	at RestAssured.JiraTestBasic1.createAnIssueInJira(JiraTestBasic1.java:40)
</failure>
  </testcase>
  <testcase name="updateCommentForIssueInJira" classname="RestAssured.JiraTestBasic1" time="2.049">
    <failure message="Connection refused: connect" type="java.net.ConnectException">java.net.ConnectException: Connection refused: connect
	at RestAssured.JiraTestBasic1.updateCommentForIssueInJira(JiraTestBasic1.java:84)
</failure>
  </testcase>
  <testcase name="deleteTweet" classname="RestAssured.Twitter" time="0.047">
    <failure message="com/github/scribejava/core/model/Token" type="java.lang.NoClassDefFoundError">java.lang.NoClassDefFoundError: com/github/scribejava/core/model/Token
	at RestAssured.Twitter.postNewTweet(Twitter.java:56)
	at RestAssured.Twitter.deleteTweet(Twitter.java:69)
Caused by: java.lang.ClassNotFoundException: com.github.scribejava.core.model.Token
	at RestAssured.Twitter.postNewTweet(Twitter.java:56)
	at RestAssured.Twitter.deleteTweet(Twitter.java:69)
</failure>
  </testcase>
  <testcase name="getLatestTweet" classname="RestAssured.Twitter" time="0.015">
    <failure message="com/github/scribejava/core/model/Token" type="java.lang.NoClassDefFoundError">java.lang.NoClassDefFoundError: com/github/scribejava/core/model/Token
	at RestAssured.Twitter.getLatestTweet(Twitter.java:39)
Caused by: java.lang.ClassNotFoundException: com.github.scribejava.core.model.Token
	at RestAssured.Twitter.getLatestTweet(Twitter.java:39)
</failure>
  </testcase>
</testsuite>